<?xml version="1.0" encoding="UTF-8"?>
<!-- Generated by org.testng.reporters.JUnitReportReporter -->
<testsuite hostname="DESKTOP-1DRG44F" failures="0" tests="1" name="testPackage.TC_AddProductToCart_003_Test" time="8.523" errors="0" timestamp="2025-06-03T09:27:50 IST" skipped="0">
  <testcase classname="testPackage.TC_AddProductToCart_003_Test" name="addToCartTestCase" time="8.523">
    <system-out>
      <![CDATA[Laptops are Displayed
No. of laptops added to cart :1 Price of the laptop added to cart :₹35,990.00]]>
    </system-out>
  </testcase> <!-- addToCartTestCase -->
  <system-out>
    <![CDATA[Laptops are Displayed
No. of laptops added to cart :1 Price of the laptop added to cart :₹35,990.00]]>
  </system-out>
</testsuite> <!-- testPackage.TC_AddProductToCart_003_Test -->
