<?xml version="1.0" encoding="UTF-8"?>
<!-- Generated by org.testng.reporters.JUnitReportReporter -->
<testsuite hostname="DESKTOP-1DRG44F" failures="0" tests="1" name="testPackage.TC_SearchLaptop_002_Test" time="6.460" errors="0" timestamp="2025-06-03T09:01:14 IST" skipped="0">
  <testcase classname="testPackage.TC_SearchLaptop_002_Test" name="searchLaptopTestCase" time="6.460">
    <system-out>
      <![CDATA[Laptops are Displayed]]>
    </system-out>
  </testcase> <!-- searchLaptopTestCase -->
  <system-out>
    <![CDATA[Laptops are Displayed]]>
  </system-out>
</testsuite> <!-- testPackage.TC_SearchLaptop_002_Test -->
