<?xml version="1.0" encoding="UTF-8"?>
<!-- Generated by org.testng.reporters.JUnitReportReporter -->
<testsuite hostname="DESKTOP-1DRG44F" failures="0" tests="1" name="testPackage.TC_SearchId345tsxslfer_001_Test" time="5.036" errors="0" timestamp="2025-06-03T17:49:41 IST" skipped="0">
  <testcase classname="testPackage.TC_SearchId345tsxslfer_001_Test" name="searchId345tsxslferTestCase" time="5.036">
    <system-out>
      <![CDATA[[TestCase --searchId345tsxslferTestCase Started]
[TestCase -- searchId345tsxslferTestCase Successful]]]>
    </system-out>
  </testcase> <!-- searchId345tsxslferTestCase -->
  <system-out>
    <![CDATA[<Test -->Default test Started
[TestCase --searchId345tsxslferTestCase Started]
[TestCase -- searchId345tsxslferTestCase Successful]]]>
  </system-out>
</testsuite> <!-- testPackage.TC_SearchId345tsxslfer_001_Test -->
