<?xml version="1.0" encoding="UTF-8"?>
<!-- Generated by org.testng.reporters.JUnitReportReporter -->
<testsuite hostname="DESKTOP-1DRG44F" failures="0" tests="1" name="testPackage.TC_IncreaseProductQuantity_004_Test" time="10.749" errors="0" timestamp="2025-06-03T09:52:23 IST" skipped="0">
  <testcase classname="testPackage.TC_IncreaseProductQuantity_004_Test" name="increaseProductQuantityTestCase" time="10.749">
    <system-out>
      <![CDATA[Laptops are Displayed
Number of Products and the Price of the Product before increasing the quantity of the Product
No. of laptops added to cart :1 Price of the laptop added to cart :₹35,990.00
Number of Products and the Price of the Product before increasing the quantity of the Product
No. of laptops added to cart :2 Price of the laptop added to cart : ₹71,980.00]]>
    </system-out>
  </testcase> <!-- increaseProductQuantityTestCase -->
  <system-out>
    <![CDATA[Laptops are Displayed
Number of Products and the Price of the Product before increasing the quantity of the Product
No. of laptops added to cart :1 Price of the laptop added to cart :₹35,990.00
Number of Products and the Price of the Product before increasing the quantity of the Product
No. of laptops added to cart :2 Price of the laptop added to cart : ₹71,980.00]]>
  </system-out>
</testsuite> <!-- testPackage.TC_IncreaseProductQuantity_004_Test -->
