<?xml version="1.0" encoding="UTF-8"?>
<!-- Generated by org.testng.reporters.JUnitReportReporter -->
<testsuite hostname="DESKTOP-1DRG44F" failures="0" tests="1" name="testPackage.TC_RemoveProductFromCart_005_Test" time="8.259" errors="0" timestamp="2025-06-03T10:13:14 IST" skipped="0">
  <testcase classname="testPackage.TC_RemoveProductFromCart_005_Test" name="removeProductTestCase" time="8.259">
    <system-out>
      <![CDATA[Laptops are Displayed]]>
    </system-out>
  </testcase> <!-- removeProductTestCase -->
  <system-out>
    <![CDATA[Laptops are Displayed]]>
  </system-out>
</testsuite> <!-- testPackage.TC_RemoveProductFromCart_005_Test -->
